0 info it worked if it ends with ok
1 verbose cli [ '/usr/bin/node', '/usr/bin/npm', 'install', 'ngCordova' ]
2 info using npm@1.4.28
3 info using node@v0.10.37
4 verbose node symlink /usr/bin/node
5 warn package.json test@1.1.1 No repository field.
6 warn package.json test@1.1.1 No README data
7 verbose readDependencies using package.json deps
8 verbose cache add [ 'ngCordova', null ]
9 verbose cache add name=undefined spec="ngCordova" args=["ngCordova",null]
10 verbose parsed url { protocol: null,
10 verbose parsed url   slashes: null,
10 verbose parsed url   auth: null,
10 verbose parsed url   host: null,
10 verbose parsed url   port: null,
10 verbose parsed url   hostname: null,
10 verbose parsed url   hash: null,
10 verbose parsed url   search: null,
10 verbose parsed url   query: null,
10 verbose parsed url   pathname: 'ngCordova',
10 verbose parsed url   path: 'ngCordova',
10 verbose parsed url   href: 'ngCordova' }
11 silly lockFile c4cc40e6-ngCordova ngCordova
12 verbose lock ngCordova /home/sumi/.npm/c4cc40e6-ngCordova.lock
13 silly lockFile c4cc40e6-ngCordova ngCordova
14 silly lockFile c4cc40e6-ngCordova ngCordova
15 verbose addNamed [ 'ngCordova', '' ]
16 verbose addNamed [ null, '*' ]
17 silly lockFile e8f61dac-ngCordova ngCordova@
18 verbose lock ngCordova@ /home/sumi/.npm/e8f61dac-ngCordova.lock
19 silly addNameRange { name: 'ngCordova', range: '*', hasData: false }
20 verbose request where is /ngCordova
21 verbose request registry https://registry.npmjs.org/
22 verbose request id 9673af6da575a139
23 verbose url raw /ngCordova
24 verbose url resolving [ 'https://registry.npmjs.org/', './ngCordova' ]
25 verbose url resolved https://registry.npmjs.org/ngCordova
26 verbose request where is https://registry.npmjs.org/ngCordova
27 info trying registry request attempt 1 at 14:58:20
28 http GET https://registry.npmjs.org/ngCordova
29 http 404 https://registry.npmjs.org/ngCordova
30 silly registry.get cb [ 404,
30 silly registry.get   { 'content-type': 'application/json',
30 silly registry.get     'cache-control': 'max-age=0',
30 silly registry.get     'content-length': '2',
30 silly registry.get     'accept-ranges': 'bytes',
30 silly registry.get     date: 'Mon, 04 Apr 2016 09:28:22 GMT',
30 silly registry.get     via: '1.1 varnish',
30 silly registry.get     age: '0',
30 silly registry.get     connection: 'keep-alive',
30 silly registry.get     'x-served-by': 'cache-ams4126-AMS',
30 silly registry.get     'x-cache': 'MISS',
30 silly registry.get     'x-cache-hits': '0',
30 silly registry.get     'x-timer': 'S1459762102.203736,VS0,VE97' } ]
31 silly lockFile e8f61dac-ngCordova ngCordova@
32 silly lockFile e8f61dac-ngCordova ngCordova@
33 error 404 Not Found
33 error 404
33 error 404 'ngCordova' is not in the npm registry.
33 error 404 You should bug the author to publish it
33 error 404 It was specified as a dependency of 'test'
33 error 404
33 error 404 Note that you can also install from a
33 error 404 tarball, folder, or http url, or git url.
34 error System Linux 3.13.0-83-generic
35 error command "/usr/bin/node" "/usr/bin/npm" "install" "ngCordova"
36 error cwd /home/sumi/Desktop/ionic/Sqlite-test-nextflow/test
37 error node -v v0.10.37
38 error npm -v 1.4.28
39 error code E404
40 verbose exit [ 1, true ]
